<?xml version="1.0" encoding="UTF-8"?>
<!-- Generated by org.testng.reporters.JUnitXMLReporter -->
<testsuite hostname="DESKTOP-KV283MH" ignored="0" name="Test" tests="3" failures="0" timestamp="2021-02-05T16:22:59 IST" time="29.058" errors="0">
  <testcase name="TC2" time="23.479" classname="Demo.testngDemo.qsp.Parallel2"/>
  <testcase name="TC1" time="23.535" classname="Demo.testngDemo.qsp.Parallel3"/>
  <testcase name="TC2" time="28.982" classname="Demo.testngDemo.qsp.Parallel3"/>
</testsuite> <!-- Test -->
